0 info it worked if it ends with ok
1 verbose cli [ '/usr/bin/node', '/usr/bin/npm', 'install', 'mime' ]
2 info using npm@1.4.28
3 info using node@v0.10.37
4 verbose node symlink /usr/bin/node
5 warn package.json your-app@0.1.0 No description
6 warn package.json your-app@0.1.0 No repository field.
7 warn package.json your-app@0.1.0 No README data
8 verbose readDependencies using package.json deps
9 verbose cache add [ 'mime', null ]
10 verbose cache add name=undefined spec="mime" args=["mime",null]
11 verbose parsed url { protocol: null,
11 verbose parsed url   slashes: null,
11 verbose parsed url   auth: null,
11 verbose parsed url   host: null,
11 verbose parsed url   port: null,
11 verbose parsed url   hostname: null,
11 verbose parsed url   hash: null,
11 verbose parsed url   search: null,
11 verbose parsed url   query: null,
11 verbose parsed url   pathname: 'mime',
11 verbose parsed url   path: 'mime',
11 verbose parsed url   href: 'mime' }
12 silly lockFile c6d51ab0-mime mime
13 verbose lock mime /home/tom/.npm/c6d51ab0-mime.lock
14 silly lockFile c6d51ab0-mime mime
15 silly lockFile c6d51ab0-mime mime
16 verbose addNamed [ 'mime', '' ]
17 verbose addNamed [ null, '*' ]
18 silly lockFile 997db655-mime mime@
19 verbose lock mime@ /home/tom/.npm/997db655-mime.lock
20 silly addNameRange { name: 'mime', range: '*', hasData: false }
21 verbose request where is /mime
22 verbose request registry https://registry.npmjs.org/
23 verbose request id 49d457af5ac523e9
24 verbose url raw /mime
25 verbose url resolving [ 'https://registry.npmjs.org/', './mime' ]
26 verbose url resolved https://registry.npmjs.org/mime
27 verbose request where is https://registry.npmjs.org/mime
28 info trying registry request attempt 1 at 20:34:21
29 verbose etag "9SQMRID0SFDWKUINX2BZ7BN44"
30 http GET https://registry.npmjs.org/mime
31 http 200 https://registry.npmjs.org/mime
32 silly registry.get cb [ 200,
32 silly registry.get   { server: 'CouchDB/1.5.0 (Erlang OTP/R16B03)',
32 silly registry.get     etag: '"3ZRQIU5H2D52GRYT3000WPDFS"',
32 silly registry.get     'content-type': 'application/json',
32 silly registry.get     'cache-control': 'max-age=60',
32 silly registry.get     'content-length': '19817',
32 silly registry.get     'accept-ranges': 'bytes',
32 silly registry.get     date: 'Fri, 22 May 2015 03:34:22 GMT',
32 silly registry.get     via: '1.1 varnish',
32 silly registry.get     age: '8',
32 silly registry.get     connection: 'keep-alive',
32 silly registry.get     'x-served-by': 'cache-dfw1821-DFW',
32 silly registry.get     'x-cache': 'HIT',
32 silly registry.get     'x-cache-hits': '2',
32 silly registry.get     'x-timer': 'S1432265662.244126,VS0,VE0',
32 silly registry.get     vary: 'Accept' } ]
33 silly addNameRange number 2 { name: 'mime', range: '*', hasData: true }
34 silly addNameRange versions [ 'mime',
34 silly addNameRange   [ '1.0.0',
34 silly addNameRange     '1.1.0',
34 silly addNameRange     '1.2.1',
34 silly addNameRange     '1.2.2',
34 silly addNameRange     '1.2.3',
34 silly addNameRange     '1.2.4',
34 silly addNameRange     '1.2.5',
34 silly addNameRange     '1.2.6',
34 silly addNameRange     '1.2.7',
34 silly addNameRange     '1.2.8',
34 silly addNameRange     '1.2.9',
34 silly addNameRange     '1.2.10',
34 silly addNameRange     '1.2.11',
34 silly addNameRange     '1.3.0',
34 silly addNameRange     '1.3.2',
34 silly addNameRange     '1.3.3',
34 silly addNameRange     '1.3.4' ] ]
35 verbose addNamed [ 'mime', '1.3.4' ]
36 verbose addNamed [ '1.3.4', '1.3.4' ]
37 silly lockFile 7e818080-mime-1-3-4 mime@1.3.4
38 verbose lock mime@1.3.4 /home/tom/.npm/7e818080-mime-1-3-4.lock
39 silly lockFile 32e9eca4-ry-npmjs-org-mime-mime-1-3-4-tgz https://registry.npmjs.org/mime/-/mime-1.3.4.tgz
40 verbose lock https://registry.npmjs.org/mime/-/mime-1.3.4.tgz /home/tom/.npm/32e9eca4-ry-npmjs-org-mime-mime-1-3-4-tgz.lock
41 verbose addRemoteTarball [ 'https://registry.npmjs.org/mime/-/mime-1.3.4.tgz',
41 verbose addRemoteTarball   '115f9e3b6b3daf2959983cb38f149a2d40eb5d53' ]
42 info retry fetch attempt 1 at 20:34:22
43 verbose fetch to= /tmp/npm-16822-Vc_epHDD/registry.npmjs.org/mime/-/mime-1.3.4.tgz
44 http GET https://registry.npmjs.org/mime/-/mime-1.3.4.tgz
45 http 200 https://registry.npmjs.org/mime/-/mime-1.3.4.tgz
46 silly lockFile 32e9eca4-ry-npmjs-org-mime-mime-1-3-4-tgz https://registry.npmjs.org/mime/-/mime-1.3.4.tgz
47 silly lockFile 32e9eca4-ry-npmjs-org-mime-mime-1-3-4-tgz https://registry.npmjs.org/mime/-/mime-1.3.4.tgz
48 silly lockFile 7e818080-mime-1-3-4 mime@1.3.4
49 silly lockFile 7e818080-mime-1-3-4 mime@1.3.4
50 silly lockFile 997db655-mime mime@
51 silly lockFile 997db655-mime mime@
52 error Error: EACCES, mkdir '/home/tom/.npm/mime/1.3.4'
52 error  { [Error: EACCES, mkdir '/home/tom/.npm/mime/1.3.4']
52 error   errno: 3,
52 error   code: 'EACCES',
52 error   path: '/home/tom/.npm/mime/1.3.4',
52 error   parent: 'your-app' }
53 error Please try running this command again as root/Administrator.
54 error System Linux 3.13.0-49-generic
55 error command "/usr/bin/node" "/usr/bin/npm" "install" "mime"
56 error cwd /home/tom/csm117/picast/desktop
57 error node -v v0.10.37
58 error npm -v 1.4.28
59 error path /home/tom/.npm/mime/1.3.4
60 error code EACCES
61 error errno 3
62 error stack Error: EACCES, mkdir '/home/tom/.npm/mime/1.3.4'
63 verbose exit [ 3, true ]
